2023-08-11 19:22:57,907.continuous_stock.INFO =============================================================
2023-08-11 19:22:57,908.continuous_stock.INFO Today is 2023-08-11 at 07:22 PM
2023-08-11 19:22:57,908.continuous_stock.INFO This file is running on: nt Windows 10
2023-08-11 19:22:57,908.continuous_stock.INFO The Python version is: 3.11.4
2023-08-11 19:22:57,909.continuous_stock.INFO The active environment path is:   C:\Users\Tower\AppData\Local\Programs\Python\Python311
2023-08-11 19:22:57,909.continuous_stock.INFO The current working directory is: C:\Users\Tower\Documents\Continuous_ML\cintel-05-live-updates
2023-08-11 19:22:57,909.continuous_stock.INFO =============================================================
2023-08-11 19:23:06,537.continuous_stock.INFO Calling update_csv_stock
2023-08-11 19:23:06,538.continuous_stock.INFO update_interval: 60
2023-08-11 19:23:06,538.continuous_stock.INFO total_runtime: 900
2023-08-11 19:23:06,538.continuous_stock.INFO num_updates: 50
2023-08-11 19:23:06,538.continuous_stock.INFO Initialized csv file at C:\Users\Tower\Documents\Continuous_ML\cintel-05-live-updates\data\mtcars_stock.csv
2023-08-11 19:23:06,539.continuous_stock.INFO Calling get_stock_price for TSLA
2023-08-11 19:23:06,539.continuous_stock.INFO Calling fetch_from_url for https://query1.finance.yahoo.com/v7/finance/options/TSLA
2023-08-11 19:23:06,995.continuous_stock.INFO Data from yahoofinance: <fetch.HttpResponse object at 0x0000020DFFFB6DD0>
2023-08-11 19:23:06,997.continuous_stock.INFO Calling get_price_to_book for TSLA
2023-08-11 19:23:06,998.continuous_stock.INFO Calling fetch from url for https://query1.finance.yahoo.com/v7/finance/options/TSLA
2023-08-11 19:23:07,396.continuous_stock.INFO Data from yahoofinance: <fetch.HttpResponse object at 0x0000020DFFFBEE90>
2023-08-11 19:23:07,397.continuous_stock.INFO Calling get_stock_price for F
2023-08-11 19:23:07,399.continuous_stock.INFO Calling fetch_from_url for https://query1.finance.yahoo.com/v7/finance/options/F
2023-08-11 19:23:07,668.continuous_stock.INFO Data from yahoofinance: <fetch.HttpResponse object at 0x0000020DFFF95450>
2023-08-11 19:23:07,669.continuous_stock.INFO Calling get_price_to_book for F
2023-08-11 19:23:07,670.continuous_stock.INFO Calling fetch from url for https://query1.finance.yahoo.com/v7/finance/options/F
2023-08-11 19:23:08,148.continuous_stock.INFO Data from yahoofinance: <fetch.HttpResponse object at 0x0000020DFFF95350>
2023-08-11 19:23:08,149.continuous_stock.INFO Calling get_stock_price for RACE
2023-08-11 19:23:08,150.continuous_stock.INFO Calling fetch_from_url for https://query1.finance.yahoo.com/v7/finance/options/RACE
2023-08-11 19:23:08,441.continuous_stock.INFO Data from yahoofinance: <fetch.HttpResponse object at 0x0000020DFFF4F850>
2023-08-11 19:23:08,443.continuous_stock.INFO Calling get_price_to_book for RACE
2023-08-11 19:23:08,444.continuous_stock.INFO Calling fetch from url for https://query1.finance.yahoo.com/v7/finance/options/RACE
2023-08-11 19:23:08,782.continuous_stock.INFO Data from yahoofinance: <fetch.HttpResponse object at 0x0000020DFFF79690>
2023-08-11 19:23:08,784.continuous_stock.INFO Calling get_stock_price for HMC
2023-08-11 19:23:08,785.continuous_stock.INFO Calling fetch_from_url for https://query1.finance.yahoo.com/v7/finance/options/HMC
2023-08-11 19:23:08,983.continuous_stock.INFO Data from yahoofinance: <fetch.HttpResponse object at 0x0000020DFFF96990>
2023-08-11 19:23:08,985.continuous_stock.INFO Calling get_price_to_book for HMC
2023-08-11 19:23:08,987.continuous_stock.INFO Calling fetch from url for https://query1.finance.yahoo.com/v7/finance/options/HMC
2023-08-11 19:23:09,209.continuous_stock.INFO Data from yahoofinance: <fetch.HttpResponse object at 0x0000020DFFF95950>
2023-08-11 19:23:09,211.continuous_stock.ERROR ERROR in update_csv_stock: 'McLaren Resources Inc'
